This file contains any messages produced by compilers while
running configure, to aid debugging if configure makes a mistake.

It was created by MilkyTracker configure 0.90.85, which was
generated by GNU Autoconf 2.64.  Invocation command line was

  $ ./configure --host=arm-linux-androideabi

## --------- ##
## Platform. ##
## --------- ##

hostname = renog12-lin01.localdomain
uname -m = i686
uname -r = 3.3.1-3.fc16.i686.PAE
uname -s = Linux
uname -v = #1 SMP Wed Apr 4 18:46:24 UTC 2012

/usr/bin/uname -p = unknown
/bin/uname -X     = unknown

/bin/arch              = i686
/usr/bin/arch -k       = unknown
/usr/convex/getsysinfo = unknown
/usr/bin/hostinfo      = unknown
/bin/machine           = unknown
/usr/bin/oslevel       = unknown
/bin/universe          = unknown

PATH: /usr/local/android-ndk/build/prebuilt/linux-x86/arm-eabi-4.4.0/bin
PATH: /home/greno/build/commandergenius/project/jni/application
PATH: /usr/local/bin
PATH: /usr/bin
PATH: /bin
PATH: /usr/local/sbin
PATH: /usr/sbin
PATH: /sbin
PATH: /usr/local/android-sdk-linux_x86/tools
PATH: /usr/local/android-sdk-linux_x86/platform-tools
PATH: /usr/local/android-ndk
PATH: /usr/local/AdobeSDK/Flex/4.1/bin
PATH: /home/greno/.local/bin
PATH: /home/greno/bin


## ----------- ##
## Core tests. ##
## ----------- ##

configure:2480: checking for a BSD-compatible install
configure:2548: result: /usr/bin/install -c
configure:2559: checking whether build environment is sane
configure:2609: result: yes
configure:2658: checking for arm-linux-androideabi-strip
configure:2685: result: /usr/local/android-ndk/build/prebuilt/linux-x86/arm-eabi-4.4.0/bin/arm-eabi-strip
configure:2750: checking for a thread-safe mkdir -p
configure:2789: result: /bin/mkdir -p
configure:2802: checking for gawk
configure:2818: found /usr/bin/gawk
configure:2829: result: gawk
configure:2840: checking whether make sets $(MAKE)
configure:2862: result: yes
configure:3056: checking for C++ compiler version
configure:3065: /usr/local/android-ndk/build/prebuilt/linux-x86/arm-eabi-4.4.0/bin/arm-eabi-g++ --version >&5
./configure: line 3067: /usr/local/android-ndk/build/prebuilt/linux-x86/arm-eabi-4.4.0/bin/arm-eabi-g++: No such file or directory
configure:3076: $? = 127
configure:3065: /usr/local/android-ndk/build/prebuilt/linux-x86/arm-eabi-4.4.0/bin/arm-eabi-g++ -v >&5
./configure: line 3067: /usr/local/android-ndk/build/prebuilt/linux-x86/arm-eabi-4.4.0/bin/arm-eabi-g++: No such file or directory
configure:3076: $? = 127
configure:3065: /usr/local/android-ndk/build/prebuilt/linux-x86/arm-eabi-4.4.0/bin/arm-eabi-g++ -V >&5
./configure: line 3067: /usr/local/android-ndk/build/prebuilt/linux-x86/arm-eabi-4.4.0/bin/arm-eabi-g++: No such file or directory
configure:3076: $? = 127
configure:3065: /usr/local/android-ndk/build/prebuilt/linux-x86/arm-eabi-4.4.0/bin/arm-eabi-g++ -qversion >&5
./configure: line 3067: /usr/local/android-ndk/build/prebuilt/linux-x86/arm-eabi-4.4.0/bin/arm-eabi-g++: No such file or directory
configure:3076: $? = 127
configure:3098: checking for C++ compiler default output file name
configure:3120: /usr/local/android-ndk/build/prebuilt/linux-x86/arm-eabi-4.4.0/bin/arm-eabi-g++ -I/usr/local/android-ndk/build/platforms/android-8/arch-arm/usr/include -fpic -mthumb-interwork -ffunction-sections -funwind-tables -fstack-protector -fno-short-enums -D__ARM_ARCH_5__ -D__ARM_ARCH_5T__ -D__ARM_ARCH_5E__ -D__ARM_ARCH_5TE__ -DANDROID -Wno-psabi -march=armv5te -mtune=xscale -msoft-float -mthumb -Os -O2 -fomit-frame-pointer -fno-strict-aliasing -finline-limit=64 -Wa,--noexecstack -DNDEBUG -g -I/home/greno/build/commandergenius/project/jni/application/../sdl-1.2/include -I/home/greno/build/commandergenius/project/jni/application/../stlport/stlport -fno-exceptions -fno-rtti  -I/home/greno/build/commandergenius/project/jni/application/../application/include -I/home/greno/build/commandergenius/project/jni/application/../sdl-1.2/include -I/home/greno/build/commandergenius/project/jni/application/../sdl_main/include -I/home/greno/build/commandergenius/project/jni/application/../stlport/include -I/home/greno/build/commandergenius/project/jni/application/../jpeg/include -I/home/greno/build/commandergenius/project/jni/application/../png/include -I/home/greno/build/commandergenius/project/jni/application/../ogg/include -I/home/greno/build/commandergenius/project/jni/application/../flac/include -I/home/greno/build/commandergenius/project/jni/application/../vorbis/include -I/home/greno/build/commandergenius/project/jni/application/../freetype/include -I/home/greno/build/commandergenius/project/jni/application/../stdout-test/include -I/home/greno/build/commandergenius/project/jni/application/../jpeg/include -I/home/greno/build/commandergenius/project/jni/application/../png/include -I/home/greno/build/commandergenius/project/jni/application/../zzip/include  -nostdlib -Wl,-soname,libapplication.so -Wl,-shared,-Bsymbolic -Wl,--whole-archive  -Wl,--no-whole-archive /usr/local/android-ndk/build/prebuilt/linux-x86/arm-eabi-4.4.0/lib/gcc/arm-eabi/4.4.0/libgcc.a /home/greno/build/commandergenius/project/jni/application/../../obj/local/armeabi/libsdl-1.2.so /home/greno/build/commandergenius/project/jni/application/../../obj/local/armeabi/libzzip.so /usr/local/android-ndk/build/platforms/android-8/arch-arm/usr/lib/libc.so /usr/local/android-ndk/build/platforms/android-8/arch-arm/usr/lib/libm.so -Wl,--no-undefined -Wl,-z,noexecstack -L/usr/local/android-ndk/build/platforms/android-8/arch-arm/usr/lib -lGLESv1_CM -ldl -llog -lz -Wl,-rpath-link=/usr/local/android-ndk/build/platforms/android-8/arch-arm/usr/lib -L/home/greno/build/commandergenius/project/jni/application/../../obj/local/armeabi /usr/local/android-ndk/build/platforms/android-8/arch-arm/usr/lib/libstdc++.so /home/greno/build/commandergenius/project/jni/application/../../obj/local/armeabi/libstlport.a conftest.cpp -lgnustl_static >&5
./configure: line 3122: /usr/local/android-ndk/build/prebuilt/linux-x86/arm-eabi-4.4.0/bin/arm-eabi-g++: No such file or directory
configure:3124: $? = 127
configure:3161: result: 
configure: failed program was:
| /* confdefs.h */
| #define PACKAGE_NAME "MilkyTracker"
| #define PACKAGE_TARNAME "milkytracker"
| #define PACKAGE_VERSION "0.90.85"
| #define PACKAGE_STRING "MilkyTracker 0.90.85"
| #define PACKAGE_BUGREPORT "www.milkytracker.net"
| #define PACKAGE_URL ""
| #define PACKAGE "milkytracker"
| #define VERSION "0.90.85"
| /* end confdefs.h.  */
| #include <stdio.h>
| int
| main ()
| {
| FILE *f = fopen ("conftest.out", "w");
|  return ferror (f) || fclose (f) != 0;
| 
|   ;
|   return 0;
| }
configure:3167: error: in `/home/greno/build/commandergenius/project/jni/application/milkytracker/milkytracker-0.90.85':
configure:3171: error: C++ compiler cannot create executables
See `config.log' for more details.

## ---------------- ##
## Cache variables. ##
## ---------------- ##

ac_cv_env_CCC_set=
ac_cv_env_CCC_value=
ac_cv_env_CC_set=set
ac_cv_env_CC_value=/usr/local/android-ndk/build/prebuilt/linux-x86/arm-eabi-4.4.0/bin/arm-eabi-gcc
ac_cv_env_CFLAGS_set=set
ac_cv_env_CFLAGS_value='-I/usr/local/android-ndk/build/platforms/android-8/arch-arm/usr/include -fpic -mthumb-interwork -ffunction-sections -funwind-tables -fstack-protector -fno-short-enums -D__ARM_ARCH_5__ -D__ARM_ARCH_5T__ -D__ARM_ARCH_5E__ -D__ARM_ARCH_5TE__ -DANDROID -Wno-psabi -march=armv5te -mtune=xscale -msoft-float -mthumb -Os -O2 -fomit-frame-pointer -fno-strict-aliasing -finline-limit=64 -Wa,--noexecstack -DNDEBUG -g -I/home/greno/build/commandergenius/project/jni/application/../sdl-1.2/include -I/home/greno/build/commandergenius/project/jni/application/../stlport/stlport -fno-exceptions -fno-rtti  -I/home/greno/build/commandergenius/project/jni/application/../application/include -I/home/greno/build/commandergenius/project/jni/application/../sdl-1.2/include -I/home/greno/build/commandergenius/project/jni/application/../sdl_main/include -I/home/greno/build/commandergenius/project/jni/application/../stlport/include -I/home/greno/build/commandergenius/project/jni/application/../jpeg/include -I/home/greno/build/commandergenius/project/jni/application/../png/include -I/home/greno/build/commandergenius/project/jni/application/../ogg/include -I/home/greno/build/commandergenius/project/jni/application/../flac/include -I/home/greno/build/commandergenius/project/jni/application/../vorbis/include -I/home/greno/build/commandergenius/project/jni/application/../freetype/include -I/home/greno/build/commandergenius/project/jni/application/../stdout-test/include -I/home/greno/build/commandergenius/project/jni/application/../jpeg/include -I/home/greno/build/commandergenius/project/jni/application/../png/include -I/home/greno/build/commandergenius/project/jni/application/../zzip/include'
ac_cv_env_CPPFLAGS_set=
ac_cv_env_CPPFLAGS_value=
ac_cv_env_CPP_set=set
ac_cv_env_CPP_value='/usr/local/android-ndk/build/prebuilt/linux-x86/arm-eabi-4.4.0/bin/arm-eabi-cpp -I/usr/local/android-ndk/build/platforms/android-8/arch-arm/usr/include -fpic -mthumb-interwork -ffunction-sections -funwind-tables -fstack-protector -fno-short-enums -D__ARM_ARCH_5__ -D__ARM_ARCH_5T__ -D__ARM_ARCH_5E__ -D__ARM_ARCH_5TE__ -DANDROID -Wno-psabi -march=armv5te -mtune=xscale -msoft-float -mthumb -Os -O2 -fomit-frame-pointer -fno-strict-aliasing -finline-limit=64 -Wa,--noexecstack -DNDEBUG -g -I/home/greno/build/commandergenius/project/jni/application/../sdl-1.2/include -I/home/greno/build/commandergenius/project/jni/application/../stlport/stlport -fno-exceptions -fno-rtti  -I/home/greno/build/commandergenius/project/jni/application/../application/include -I/home/greno/build/commandergenius/project/jni/application/../sdl-1.2/include -I/home/greno/build/commandergenius/project/jni/application/../sdl_main/include -I/home/greno/build/commandergenius/project/jni/application/../stlport/include -I/home/greno/build/commandergenius/project/jni/application/../jpeg/include -I/home/greno/build/commandergenius/project/jni/application/../png/include -I/home/greno/build/commandergenius/project/jni/application/../ogg/include -I/home/greno/build/commandergenius/project/jni/application/../flac/include -I/home/greno/build/commandergenius/project/jni/application/../vorbis/include -I/home/greno/build/commandergenius/project/jni/application/../freetype/include -I/home/greno/build/commandergenius/project/jni/application/../stdout-test/include -I/home/greno/build/commandergenius/project/jni/application/../jpeg/include -I/home/greno/build/commandergenius/project/jni/application/../png/include -I/home/greno/build/commandergenius/project/jni/application/../zzip/include'
ac_cv_env_CXXFLAGS_set=set
ac_cv_env_CXXFLAGS_value='-I/usr/local/android-ndk/build/platforms/android-8/arch-arm/usr/include -fpic -mthumb-interwork -ffunction-sections -funwind-tables -fstack-protector -fno-short-enums -D__ARM_ARCH_5__ -D__ARM_ARCH_5T__ -D__ARM_ARCH_5E__ -D__ARM_ARCH_5TE__ -DANDROID -Wno-psabi -march=armv5te -mtune=xscale -msoft-float -mthumb -Os -O2 -fomit-frame-pointer -fno-strict-aliasing -finline-limit=64 -Wa,--noexecstack -DNDEBUG -g -I/home/greno/build/commandergenius/project/jni/application/../sdl-1.2/include -I/home/greno/build/commandergenius/project/jni/application/../stlport/stlport -fno-exceptions -fno-rtti  -I/home/greno/build/commandergenius/project/jni/application/../application/include -I/home/greno/build/commandergenius/project/jni/application/../sdl-1.2/include -I/home/greno/build/commandergenius/project/jni/application/../sdl_main/include -I/home/greno/build/commandergenius/project/jni/application/../stlport/include -I/home/greno/build/commandergenius/project/jni/application/../jpeg/include -I/home/greno/build/commandergenius/project/jni/application/../png/include -I/home/greno/build/commandergenius/project/jni/application/../ogg/include -I/home/greno/build/commandergenius/project/jni/application/../flac/include -I/home/greno/build/commandergenius/project/jni/application/../vorbis/include -I/home/greno/build/commandergenius/project/jni/application/../freetype/include -I/home/greno/build/commandergenius/project/jni/application/../stdout-test/include -I/home/greno/build/commandergenius/project/jni/application/../jpeg/include -I/home/greno/build/commandergenius/project/jni/application/../png/include -I/home/greno/build/commandergenius/project/jni/application/../zzip/include'
ac_cv_env_CXX_set=set
ac_cv_env_CXX_value=/usr/local/android-ndk/build/prebuilt/linux-x86/arm-eabi-4.4.0/bin/arm-eabi-g++
ac_cv_env_LDFLAGS_set=set
ac_cv_env_LDFLAGS_value='-nostdlib -Wl,-soname,libapplication.so -Wl,-shared,-Bsymbolic -Wl,--whole-archive  -Wl,--no-whole-archive /usr/local/android-ndk/build/prebuilt/linux-x86/arm-eabi-4.4.0/lib/gcc/arm-eabi/4.4.0/libgcc.a /home/greno/build/commandergenius/project/jni/application/../../obj/local/armeabi/libsdl-1.2.so /home/greno/build/commandergenius/project/jni/application/../../obj/local/armeabi/libzzip.so /usr/local/android-ndk/build/platforms/android-8/arch-arm/usr/lib/libc.so /usr/local/android-ndk/build/platforms/android-8/arch-arm/usr/lib/libm.so -Wl,--no-undefined -Wl,-z,noexecstack -L/usr/local/android-ndk/build/platforms/android-8/arch-arm/usr/lib -lGLESv1_CM -ldl -llog -lz -Wl,-rpath-link=/usr/local/android-ndk/build/platforms/android-8/arch-arm/usr/lib -L/home/greno/build/commandergenius/project/jni/application/../../obj/local/armeabi /usr/local/android-ndk/build/platforms/android-8/arch-arm/usr/lib/libstdc++.so /home/greno/build/commandergenius/project/jni/application/../../obj/local/armeabi/libstlport.a'
ac_cv_env_LIBS_set=set
ac_cv_env_LIBS_value=-lgnustl_static
ac_cv_env_PKG_CONFIG_set=
ac_cv_env_PKG_CONFIG_value=
ac_cv_env_ZZIP_CFLAGS_set=set
ac_cv_env_ZZIP_CFLAGS_value=-I/home/greno/build/commandergenius/project/jni/application/milkytracker/../../zzip/include
ac_cv_env_ZZIP_LIBS_set=set
ac_cv_env_ZZIP_LIBS_value='-L/home/greno/build/commandergenius/project/jni/application/milkytracker/../../../obj/local/armeabi -lzzip'
ac_cv_env_build_alias_set=
ac_cv_env_build_alias_value=
ac_cv_env_host_alias_set=set
ac_cv_env_host_alias_value=arm-linux-androideabi
ac_cv_env_target_alias_set=
ac_cv_env_target_alias_value=
ac_cv_path_install='/usr/bin/install -c'
ac_cv_path_mkdir=/bin/mkdir
ac_cv_prog_AWK=gawk
ac_cv_prog_STRIP=/usr/local/android-ndk/build/prebuilt/linux-x86/arm-eabi-4.4.0/bin/arm-eabi-strip
ac_cv_prog_make_make_set=yes

## ----------------- ##
## Output variables. ##
## ----------------- ##

ACLOCAL='${SHELL} /home/greno/build/commandergenius/project/jni/application/milkytracker/milkytracker-0.90.85/missing --run aclocal-1.11'
ALSA_CFLAGS=''
ALSA_LIBS=''
AMDEPBACKSLASH=''
AMDEP_FALSE=''
AMDEP_TRUE=''
AMTAR='${SHELL} /home/greno/build/commandergenius/project/jni/application/milkytracker/milkytracker-0.90.85/missing --run tar'
AUTOCONF='${SHELL} /home/greno/build/commandergenius/project/jni/application/milkytracker/milkytracker-0.90.85/missing --run autoconf'
AUTOHEADER='${SHELL} /home/greno/build/commandergenius/project/jni/application/milkytracker/milkytracker-0.90.85/missing --run autoheader'
AUTOMAKE='${SHELL} /home/greno/build/commandergenius/project/jni/application/milkytracker/milkytracker-0.90.85/missing --run automake-1.11'
AWK='gawk'
CC='/usr/local/android-ndk/build/prebuilt/linux-x86/arm-eabi-4.4.0/bin/arm-eabi-gcc'
CCDEPMODE=''
CFLAGS='-I/usr/local/android-ndk/build/platforms/android-8/arch-arm/usr/include -fpic -mthumb-interwork -ffunction-sections -funwind-tables -fstack-protector -fno-short-enums -D__ARM_ARCH_5__ -D__ARM_ARCH_5T__ -D__ARM_ARCH_5E__ -D__ARM_ARCH_5TE__ -DANDROID -Wno-psabi -march=armv5te -mtune=xscale -msoft-float -mthumb -Os -O2 -fomit-frame-pointer -fno-strict-aliasing -finline-limit=64 -Wa,--noexecstack -DNDEBUG -g -I/home/greno/build/commandergenius/project/jni/application/../sdl-1.2/include -I/home/greno/build/commandergenius/project/jni/application/../stlport/stlport -fno-exceptions -fno-rtti  -I/home/greno/build/commandergenius/project/jni/application/../application/include -I/home/greno/build/commandergenius/project/jni/application/../sdl-1.2/include -I/home/greno/build/commandergenius/project/jni/application/../sdl_main/include -I/home/greno/build/commandergenius/project/jni/application/../stlport/include -I/home/greno/build/commandergenius/project/jni/application/../jpeg/include -I/home/greno/build/commandergenius/project/jni/application/../png/include -I/home/greno/build/commandergenius/project/jni/application/../ogg/include -I/home/greno/build/commandergenius/project/jni/application/../flac/include -I/home/greno/build/commandergenius/project/jni/application/../vorbis/include -I/home/greno/build/commandergenius/project/jni/application/../freetype/include -I/home/greno/build/commandergenius/project/jni/application/../stdout-test/include -I/home/greno/build/commandergenius/project/jni/application/../jpeg/include -I/home/greno/build/commandergenius/project/jni/application/../png/include -I/home/greno/build/commandergenius/project/jni/application/../zzip/include'
CPP='/usr/local/android-ndk/build/prebuilt/linux-x86/arm-eabi-4.4.0/bin/arm-eabi-cpp -I/usr/local/android-ndk/build/platforms/android-8/arch-arm/usr/include -fpic -mthumb-interwork -ffunction-sections -funwind-tables -fstack-protector -fno-short-enums -D__ARM_ARCH_5__ -D__ARM_ARCH_5T__ -D__ARM_ARCH_5E__ -D__ARM_ARCH_5TE__ -DANDROID -Wno-psabi -march=armv5te -mtune=xscale -msoft-float -mthumb -Os -O2 -fomit-frame-pointer -fno-strict-aliasing -finline-limit=64 -Wa,--noexecstack -DNDEBUG -g -I/home/greno/build/commandergenius/project/jni/application/../sdl-1.2/include -I/home/greno/build/commandergenius/project/jni/application/../stlport/stlport -fno-exceptions -fno-rtti  -I/home/greno/build/commandergenius/project/jni/application/../application/include -I/home/greno/build/commandergenius/project/jni/application/../sdl-1.2/include -I/home/greno/build/commandergenius/project/jni/application/../sdl_main/include -I/home/greno/build/commandergenius/project/jni/application/../stlport/include -I/home/greno/build/commandergenius/project/jni/application/../jpeg/include -I/home/greno/build/commandergenius/project/jni/application/../png/include -I/home/greno/build/commandergenius/project/jni/application/../ogg/include -I/home/greno/build/commandergenius/project/jni/application/../flac/include -I/home/greno/build/commandergenius/project/jni/application/../vorbis/include -I/home/greno/build/commandergenius/project/jni/application/../freetype/include -I/home/greno/build/commandergenius/project/jni/application/../stdout-test/include -I/home/greno/build/commandergenius/project/jni/application/../jpeg/include -I/home/greno/build/commandergenius/project/jni/application/../png/include -I/home/greno/build/commandergenius/project/jni/application/../zzip/include'
CPPFLAGS=''
CXX='/usr/local/android-ndk/build/prebuilt/linux-x86/arm-eabi-4.4.0/bin/arm-eabi-g++'
CXXDEPMODE=''
CXXFLAGS='-I/usr/local/android-ndk/build/platforms/android-8/arch-arm/usr/include -fpic -mthumb-interwork -ffunction-sections -funwind-tables -fstack-protector -fno-short-enums -D__ARM_ARCH_5__ -D__ARM_ARCH_5T__ -D__ARM_ARCH_5E__ -D__ARM_ARCH_5TE__ -DANDROID -Wno-psabi -march=armv5te -mtune=xscale -msoft-float -mthumb -Os -O2 -fomit-frame-pointer -fno-strict-aliasing -finline-limit=64 -Wa,--noexecstack -DNDEBUG -g -I/home/greno/build/commandergenius/project/jni/application/../sdl-1.2/include -I/home/greno/build/commandergenius/project/jni/application/../stlport/stlport -fno-exceptions -fno-rtti  -I/home/greno/build/commandergenius/project/jni/application/../application/include -I/home/greno/build/commandergenius/project/jni/application/../sdl-1.2/include -I/home/greno/build/commandergenius/project/jni/application/../sdl_main/include -I/home/greno/build/commandergenius/project/jni/application/../stlport/include -I/home/greno/build/commandergenius/project/jni/application/../jpeg/include -I/home/greno/build/commandergenius/project/jni/application/../png/include -I/home/greno/build/commandergenius/project/jni/application/../ogg/include -I/home/greno/build/commandergenius/project/jni/application/../flac/include -I/home/greno/build/commandergenius/project/jni/application/../vorbis/include -I/home/greno/build/commandergenius/project/jni/application/../freetype/include -I/home/greno/build/commandergenius/project/jni/application/../stdout-test/include -I/home/greno/build/commandergenius/project/jni/application/../jpeg/include -I/home/greno/build/commandergenius/project/jni/application/../png/include -I/home/greno/build/commandergenius/project/jni/application/../zzip/include'
CYGPATH_W='echo'
DEFS=''
DEPDIR=''
ECHO_C=''
ECHO_N='-n'
ECHO_T=''
EGREP=''
EXEEXT=''
GREP=''
INSTALL_DATA='${INSTALL} -m 644'
INSTALL_PROGRAM='${INSTALL}'
INSTALL_SCRIPT='${INSTALL}'
INSTALL_STRIP_PROGRAM='$(install_sh) -c -s'
LDFLAGS='-nostdlib -Wl,-soname,libapplication.so -Wl,-shared,-Bsymbolic -Wl,--whole-archive  -Wl,--no-whole-archive /usr/local/android-ndk/build/prebuilt/linux-x86/arm-eabi-4.4.0/lib/gcc/arm-eabi/4.4.0/libgcc.a /home/greno/build/commandergenius/project/jni/application/../../obj/local/armeabi/libsdl-1.2.so /home/greno/build/commandergenius/project/jni/application/../../obj/local/armeabi/libzzip.so /usr/local/android-ndk/build/platforms/android-8/arch-arm/usr/lib/libc.so /usr/local/android-ndk/build/platforms/android-8/arch-arm/usr/lib/libm.so -Wl,--no-undefined -Wl,-z,noexecstack -L/usr/local/android-ndk/build/platforms/android-8/arch-arm/usr/lib -lGLESv1_CM -ldl -llog -lz -Wl,-rpath-link=/usr/local/android-ndk/build/platforms/android-8/arch-arm/usr/lib -L/home/greno/build/commandergenius/project/jni/application/../../obj/local/armeabi /usr/local/android-ndk/build/platforms/android-8/arch-arm/usr/lib/libstdc++.so /home/greno/build/commandergenius/project/jni/application/../../obj/local/armeabi/libstlport.a'
LIBOBJS=''
LIBS='-lgnustl_static'
LTLIBOBJS=''
MAKEINFO='${SHELL} /home/greno/build/commandergenius/project/jni/application/milkytracker/milkytracker-0.90.85/missing --run makeinfo'
MKDIR_P='/bin/mkdir -p'
OBJEXT=''
PACKAGE='milkytracker'
PACKAGE_BUGREPORT='www.milkytracker.net'
PACKAGE_NAME='MilkyTracker'
PACKAGE_STRING='MilkyTracker 0.90.85'
PACKAGE_TARNAME='milkytracker'
PACKAGE_URL=''
PACKAGE_VERSION='0.90.85'
PATH_SEPARATOR=':'
PKG_CONFIG=''
RANLIB='/usr/local/android-ndk/build/prebuilt/linux-x86/arm-eabi-4.4.0/bin/arm-eabi-ranlib'
RTMIDI=''
RTMIDI_DIR=''
SDL_CFLAGS=''
SDL_CONFIG=''
SDL_LIBS=''
SET_MAKE=''
SHELL='/bin/sh'
STRIP='/usr/local/android-ndk/build/prebuilt/linux-x86/arm-eabi-4.4.0/bin/arm-eabi-strip'
VERSION='0.90.85'
ZZIP_CFLAGS='-I/home/greno/build/commandergenius/project/jni/application/milkytracker/../../zzip/include'
ZZIP_LIBS='-L/home/greno/build/commandergenius/project/jni/application/milkytracker/../../../obj/local/armeabi -lzzip'
ac_ct_CC=''
ac_ct_CXX=''
am__EXEEXT_FALSE=''
am__EXEEXT_TRUE=''
am__fastdepCC_FALSE=''
am__fastdepCC_TRUE=''
am__fastdepCXX_FALSE=''
am__fastdepCXX_TRUE=''
am__include=''
am__isrc=''
am__leading_dot='.'
am__quote=''
am__tar='${AMTAR} chof - "$$tardir"'
am__untar='${AMTAR} xf -'
bindir='${exec_prefix}/bin'
build_alias=''
datadir='${datarootdir}'
datarootdir='${prefix}/share'
docdir='${datarootdir}/doc/${PACKAGE_TARNAME}'
dvidir='${docdir}'
exec_prefix='NONE'
host_alias='arm-linux-androideabi'
htmldir='${docdir}'
includedir='${prefix}/include'
infodir='${datarootdir}/info'
install_sh='${SHELL} /home/greno/build/commandergenius/project/jni/application/milkytracker/milkytracker-0.90.85/install-sh'
libdir='${exec_prefix}/lib'
libexecdir='${exec_prefix}/libexec'
localedir='${datarootdir}/locale'
localstatedir='${prefix}/var'
mandir='${datarootdir}/man'
mkdir_p='/bin/mkdir -p'
oldincludedir='/usr/include'
pdfdir='${docdir}'
prefix='NONE'
program_transform_name='s,x,x,'
psdir='${docdir}'
sbindir='${exec_prefix}/sbin'
sharedstatedir='${prefix}/com'
sysconfdir='${prefix}/etc'
target_alias=''

## ----------- ##
## confdefs.h. ##
## ----------- ##

/* confdefs.h */
#define PACKAGE_NAME "MilkyTracker"
#define PACKAGE_TARNAME "milkytracker"
#define PACKAGE_VERSION "0.90.85"
#define PACKAGE_STRING "MilkyTracker 0.90.85"
#define PACKAGE_BUGREPORT "www.milkytracker.net"
#define PACKAGE_URL ""
#define PACKAGE "milkytracker"
#define VERSION "0.90.85"

configure: exit 77
